<?xml version="1.0" encoding="UTF-8"?>
<!-- Generated by org.testng.reporters.JUnitReportReporter -->
<testsuite hostname="LAPTOP-RSJBKFT2" name="facebook.facebooktitle" tests="1" failures="0" timestamp="16 Jul 2018 05:15:47 GMT" time="0.032" errors="0">
  <testcase name="test" time="0.032" classname="facebook.facebooktitle"/>
</testsuite> <!-- facebook.facebooktitle -->
